*****************************************************
* Best Results
*****************************************************
Best validation accuracy: 0.9388
Best Epoch: 22
Best training loss: 0.0481
Best validation loss: 0.2197

*****************************************************
* Hyperparameters
*****************************************************
lr: 0.001
batch_size: 32
epochs: 30
weight_decay: 0.03
hidden_dim: 512
embedding_dim: 128
num_layers: 2
dropout: 0.4

*****************************************************
* Best Classification Report
*****************************************************
Classification Report for Epoch 22:
                 precision    recall  f1-score   support

       StarWars       0.93      0.95      0.94      1843
      Offensive       0.96      0.97      0.97      1196
         Naruto       0.97      0.95      0.96       294
        Tolkien       0.93      0.93      0.93      1899
  GameofThrones       0.95      0.96      0.96      1649
     TheWitcher       0.94      0.97      0.95       212
    HarryPotter       0.93      0.92      0.93      1366
       Warcraft       0.95      0.93      0.94       183
     DragonBall       0.93      0.94      0.94       240
   FinalFantasy       0.96      0.89      0.92       145
      Mythology       0.89      0.91      0.90       813
      DoctorWho       0.92      0.88      0.90       295
ForgottenRealms       0.97      0.90      0.93       213
      Discworld       0.95      0.76      0.84        98

       accuracy                           0.94     10446
      macro avg       0.94      0.92      0.93     10446
   weighted avg       0.94      0.94      0.94     10446


*****************************************************
* SK Learn Accuracy score
*****************************************************
Best score: 0.9388


*****************************************************
* Data Configuration
*****************************************************
*****************************************************
* Data Processing Configuration
*****************************************************
path: dataset/preprocessing
output_file: dataset.txt
train_file: train.txt
dev_file: dev.txt
test_file: test.txt
config_dump: data_config.info
train_size: 0.8
dev_size: 0.1
test_size: 0.1
unique_names: False
augmentation:
  enabled: True
  swap_characters: {'enabled': True, 'pct_words_to_swap': 0.4, 'transformations_per_example': {'min': 1, 'max': 3}}
  insert_characters: {'enabled': True, 'pct_words_to_swap': 0.4, 'transformations_per_example': {'min': 1, 'max': 3}}
  delete_characters: {'enabled': True, 'pct_words_to_swap': 0.4, 'transformations_per_example': {'min': 1, 'max': 3}}
  duplicate_characters: {'enabled': True, 'pct_words_to_swap': 0.2, 'transformations_per_example': 1}
  split_names: {'enabled': True, 'join_parts': True}
  label_exclusion: {'enabled': True, 'excluded_labels': ['Mythology']}
  internal_swap: {'enabled': True, 'swap_probability': 0.5}
labels: ['HarryPotter', 'StarWars', 'Tolkien', 'Warcraft', 'DragonBall', 'Naruto', 'ForgottenRealms', 'FinalFantasy', 'GameofThrones', 'TheWitcher', 'DoctorWho', 'Discworld', 'Mythology', 'Offensive']

Datasets:
  - Wikidata:
      name: Wikidata
      path: wikidata
      input_folder: raw_data
      output_folder: processed_data
      labels_folder: labels
      labels_file: labels.txt
      dataset_file: wikidata-universes.csv
      output_file: wikidata_dataset_FastText.txt
  - Mythdata:
      name: Mythdata
      path: mythology
      input_folder: raw_data
      output_folder: processed_data
      dataset_file: myth_dataset.csv
      output_file: myth_dataset.txt
  - NERdata:
      name: NERdata
      path: ner
      input_folder: raw_data
      output_folder: processed_data
      output_file: ner_dataset.txt
  - Slurs:
      name: Slurs
      path: slurs
      input_folder: raw_data
      output_folder: processed_data
      dataset_file: profanity.csv
      output_file: slurs.txt

