*****************************************************
* Best Results
*****************************************************
Best validation accuracy: 0.8216
Best Epoch: 4
Best training loss: 0.3388
Best validation loss: 0.5252

*****************************************************
* Hyperparameters
*****************************************************
lr: 0.001
batch_size: 32
epochs: 5
weight_decay: 0.01
hidden_dim: 256
embedding_dim: 128
num_layers: 1
dropout: 0.2

*****************************************************
* Best Classification Report
*****************************************************
Classification Report for Epoch 4:
                 precision    recall  f1-score   support

      DoctorWho       1.00      1.00      1.00       326
      Mythology       1.00      1.00      1.00       395
  GameofThrones       1.00      1.00      1.00      1756
        Tolkien       1.00      1.00      1.00      2219
      Offensive       1.00      1.00      1.00      1443
         Naruto       1.00      1.00      1.00       288
ForgottenRealms       1.00      1.00      1.00       261
    HarryPotter       1.00      1.00      1.00      1379
       StarWars       1.00      1.00      1.00      1728
   FinalFantasy       1.00      1.00      1.00       148
       Warcraft       1.00      1.00      1.00       206
     TheWitcher       1.00      1.00      1.00       194
     DragonBall       1.00      1.00      1.00       210
      Discworld       1.00      1.00      1.00        93

       accuracy                           1.00     10646
      macro avg       1.00      1.00      1.00     10646
   weighted avg       1.00      1.00      1.00     10646


*****************************************************
* SK Learn Accuracy score
*****************************************************
Best score: 1.0000


*****************************************************
* Data Configuration
*****************************************************
*****************************************************
* Data Processing Configuration
*****************************************************
path: dataset/preprocessing
output_file: dataset.txt
train_file: train.txt
dev_file: dev.txt
test_file: test.txt
config_dump: data_config.info
train_size: 0.8
dev_size: 0.1
test_size: 0.1
unique_names: True
augmentation:
  enabled: True
  swap_characters: {'enabled': True, 'pct_words_to_swap': 0.4, 'transformations_per_example': {'min': 1, 'max': 3}}
  insert_characters: {'enabled': True, 'pct_words_to_swap': 0.4, 'transformations_per_example': {'min': 1, 'max': 3}}
  delete_characters: {'enabled': True, 'pct_words_to_swap': 0.4, 'transformations_per_example': {'min': 1, 'max': 3}}
  duplicate_characters: {'enabled': True, 'pct_words_to_swap': 0.2, 'transformations_per_example': 1}
  split_names: {'enabled': True, 'join_parts': True}
  label_exclusion: {'enabled': True, 'excluded_labels': ['Mythology']}
  internal_swap: {'enabled': True, 'swap_probability': 0.5}
labels: ['HarryPotter', 'StarWars', 'Tolkien', 'Warcraft', 'DragonBall', 'Naruto', 'ForgottenRealms', 'FinalFantasy', 'GameofThrones', 'TheWitcher', 'DoctorWho', 'Discworld', 'Mythology', 'Offensive']

Datasets:
  - Wikidata:
      name: Wikidata
      path: wikidata
      input_folder: raw_data
      output_folder: processed_data
      labels_folder: labels
      labels_file: labels.txt
      dataset_file: wikidata-universes.csv
      output_file: wikidata_dataset_FastText.txt
  - Mythdata:
      name: Mythdata
      path: mythology
      input_folder: raw_data
      output_folder: processed_data
      dataset_file: myth_dataset.csv
      output_file: myth_dataset.txt
  - NERdata:
      name: NERdata
      path: ner
      input_folder: raw_data
      output_folder: processed_data
      output_file: ner_dataset.txt
  - Slurs:
      name: Slurs
      path: slurs
      input_folder: raw_data
      output_folder: processed_data
      dataset_file: profanity.csv
      output_file: slurs.txt

