*****************************************************
* Dataset Sizes
*****************************************************
Training samples: 402069
Validation samples: 50252
*****************************************************
* Best Results
*****************************************************
Best validation accuracy: 0.7674
Best Epoch: 15
Best training loss: 0.4742
Best validation loss: 0.5094

*****************************************************
* Hyperparameters
*****************************************************
lr: 0.001
batch_size: 64
epochs: 15
weight_decay: 0.03
hidden_dim: 64
embedding_dim: 64
num_layers: 2
dropout: 0.5

*****************************************************
* Best Classification Report
*****************************************************
Classification Report for Epoch 15:
                 precision    recall  f1-score   support

      Mythology       0.58      0.64      0.61      5546
     Historical       0.98      0.77      0.86     28527
       StarWars       0.53      0.78      0.63      2674
  GameofThrones       0.71      0.80      0.76      2829
      DoctorWho       0.43      0.90      0.59       505
     DragonBall       0.36      0.94      0.52       323
     TheWitcher       0.61      0.95      0.75       307
        Tolkien       0.72      0.70      0.71      3551
      Offensive       0.74      0.86      0.80      2261
    HarryPotter       0.59      0.79      0.68      2173
       Warcraft       0.55      0.96      0.70       332
         Naruto       0.39      0.96      0.55       448
ForgottenRealms       0.43      0.88      0.58       407
      Discworld       0.44      0.86      0.58       140
   FinalFantasy       0.55      0.93      0.69       229

       accuracy                           0.77     50252
      macro avg       0.57      0.85      0.67     50252
   weighted avg       0.82      0.77      0.78     50252


*****************************************************
* SK Learn Accuracy score
*****************************************************
Best score: 0.7674


*****************************************************
* Data Configuration
*****************************************************
*****************************************************
* Data Processing Configuration
*****************************************************
path: dataset/preprocessing
output_file: dataset.txt
train_file: train.txt
dev_file: dev.txt
test_file: test.txt
config_dump: data_config.info
train_size: 0.8
dev_size: 0.1
test_size: 0.1
unique_names: True
augmentation:
  enabled: True
  only_basic_augmentation: False
  intensity: 2
  swap_characters: {'enabled': True, 'pct_words_to_swap': 0.6, 'transformations_per_example': {'min': 1, 'max': 3}}
  insert_characters: {'enabled': True, 'pct_words_to_swap': 0.6, 'transformations_per_example': {'min': 1, 'max': 3}}
  delete_characters: {'enabled': True, 'pct_words_to_swap': 0.6, 'transformations_per_example': {'min': 1, 'max': 3}}
  duplicate_characters: {'enabled': True, 'pct_words_to_swap': 0.6, 'transformations_per_example': 2}
  split_names: {'enabled': True, 'join_parts': True}
  label_exclusion: {'enabled': False, 'excluded_labels': []}
  internal_swap: {'enabled': True, 'swap_probability': 0.7}
labels: ['HarryPotter', 'StarWars', 'Tolkien', 'Warcraft', 'DragonBall', 'Naruto', 'ForgottenRealms', 'FinalFantasy', 'GameofThrones', 'TheWitcher', 'DoctorWho', 'Discworld', 'Mythology', 'Offensive', 'Historical']

Datasets:
  - Wikidata:
      name: Wikidata
      path: wikidata
      input_folder: raw_data
      output_folder: processed_data
      labels_folder: labels
      labels_file: labels.txt
      historical_file: extremely_relevant_figures2.txt
      dataset_file: wikidata-universes.csv
      output_file: wikidata_dataset_FastText.txt
  - Mythdata:
      name: Mythdata
      path: mythology
      input_folder: raw_data
      output_folder: processed_data
      dataset_file: myth_dataset.csv
      output_file: myth_dataset.txt
  - NERdata:
      name: NERdata
      path: ner
      input_folder: raw_data
      output_folder: processed_data
      output_file: ner_dataset.txt
  - Slurs:
      name: Slurs
      path: slurs
      input_folder: raw_data
      output_folder: processed_data
      dataset_file: profanity.csv
      output_file: slurs.txt


*****************************************************
* Epoch Output
*****************************************************
Epoch 1:
  Training Loss: 1.7755
  Validation Loss: 1.3522
  Validation Accuracy: 0.3655
  Learning Rate: 0.001000

Epoch 2:
  Training Loss: 1.2547
  Validation Loss: 1.0584
  Validation Accuracy: 0.5019
  Learning Rate: 0.001000

Epoch 3:
  Training Loss: 1.0521
  Validation Loss: 0.9967
  Validation Accuracy: 0.4874
  Learning Rate: 0.001000

Epoch 4:
  Training Loss: 0.9326
  Validation Loss: 0.8497
  Validation Accuracy: 0.5629
  Learning Rate: 0.001000

Epoch 5:
  Training Loss: 0.8506
  Validation Loss: 0.7751
  Validation Accuracy: 0.6131
  Learning Rate: 0.000500

Epoch 6:
  Training Loss: 0.7099
  Validation Loss: 0.6745
  Validation Accuracy: 0.6515
  Learning Rate: 0.000500

Epoch 7:
  Training Loss: 0.6609
  Validation Loss: 0.6345
  Validation Accuracy: 0.6870
  Learning Rate: 0.000500

Epoch 8:
  Training Loss: 0.6298
  Validation Loss: 0.6275
  Validation Accuracy: 0.6967
  Learning Rate: 0.000500

Epoch 9:
  Training Loss: 0.6094
  Validation Loss: 0.5997
  Validation Accuracy: 0.7092
  Learning Rate: 0.000500

Epoch 10:
  Training Loss: 0.5934
  Validation Loss: 0.5704
  Validation Accuracy: 0.7207
  Learning Rate: 0.000250

Epoch 11:
  Training Loss: 0.5241
  Validation Loss: 0.5470
  Validation Accuracy: 0.7455
  Learning Rate: 0.000250

Epoch 12:
  Training Loss: 0.5067
  Validation Loss: 0.5267
  Validation Accuracy: 0.7460
  Learning Rate: 0.000250

Epoch 13:
  Training Loss: 0.4936
  Validation Loss: 0.5139
  Validation Accuracy: 0.7627
  Learning Rate: 0.000250

Epoch 14:
  Training Loss: 0.4854
  Validation Loss: 0.5079
  Validation Accuracy: 0.7523
  Learning Rate: 0.000250

Epoch 15:
  Training Loss: 0.4742
  Validation Loss: 0.5094
  Validation Accuracy: 0.7674
  Learning Rate: 0.000125

*****************************************************
* Confusion Matrix
*****************************************************
[[ 3553,   241,   258,   138,    73,   172,    38,   247,   183,   189,
     44,   226,   130,    27,    27],
 [ 1809, 22033,  1425,   430,   423,   217,   105,   399,   327,   525,
    117,   387,   155,    75,   100],
 [  200,    42,  2074,    36,    19,    48,     3,    75,    35,    63,
      9,    24,    34,     5,     7],
 [   95,    22,    25,  2268,    21,    11,    11,   135,    39,   131,
     22,     8,    28,     6,     7],
 [    8,     9,     2,     5,   453,     1,     0,    10,     2,     8,
      1,     1,     3,     2,     0],
 [    5,     2,     0,     1,     1,   305,     0,     0,     1,     3,
      1,     2,     0,     1,     1],
 [    3,     2,     0,     2,     0,     0,   292,     2,     1,     3,
      0,     1,     1,     0,     0],
 [  270,    30,    77,   211,    21,    39,    17,  2471,    45,   196,
     57,    12,    79,    16,    10],
 [  103,    15,    33,    12,    11,    13,     3,    18,  1955,    67,
      1,     5,     8,    11,     6],
 [   80,    54,    35,    62,    16,    32,     7,    65,    43,  1720,
      6,     5,    25,     9,    14],
 [    2,     2,     0,     5,     0,     2,     0,     0,     0,     1,
    319,     0,     1,     0,     0],
 [    8,     3,     2,     0,     0,     3,     0,     1,     0,     1,
      1,   429,     0,     0,     0],
 [   12,     3,     5,     5,     2,     5,     0,     8,     2,     1,
      1,     2,   358,     2,     1],
 [    0,     1,     2,     1,     2,     1,     0,     2,     4,     3,
      3,     0,     0,   121,     0],
 [    4,     2,     0,     0,     0,     0,     0,     2,     0,     5,
      0,     2,     1,     1,   212]]
