*****************************************************
* Best Results
*****************************************************
Best validation accuracy: 0.7308
Best Epoch: 2
Best training loss: 0.6371
Best validation loss: 0.6299

*****************************************************
* Hyperparameters
*****************************************************
lr: 0.001
batch_size: 32
epochs: 2
weight_decay: 0.01
hidden_dim: 256
embedding_dim: 128
num_layers: 1
dropout: 0

*****************************************************
* Best Classification Report
*****************************************************
Classification Report for Epoch 2:
                 precision    recall  f1-score   support

        Tolkien       1.00      1.00      1.00      3286
    HarryPotter       1.00      1.00      1.00      2452
         Naruto       1.00      1.00      1.00       526
       StarWars       1.00      1.00      1.00      3297
  GameofThrones       1.00      1.00      1.00      2885
      Mythology       1.00      1.00      1.00       610
       Warcraft       1.00      1.00      1.00       323
      DoctorWho       1.00      1.00      1.00       534
ForgottenRealms       1.00      1.00      1.00       376
     TheWitcher       1.00      1.00      1.00       377
     DragonBall       1.00      1.00      1.00       422
      Offensive       1.00      1.00      1.00       239
      Discworld       1.00      1.00      1.00       167
   FinalFantasy       1.00      1.00      1.00       261

       accuracy                           1.00     15755
      macro avg       1.00      1.00      1.00     15755
   weighted avg       1.00      1.00      1.00     15755


*****************************************************
* Accuracy Score
*****************************************************
