*****************************************************
* Best Results
*****************************************************
Best validation accuracy: 0.9254
Best Epoch: 7
Best training loss: 0.1038
Best validation loss: 0.2485

*****************************************************
* Hyperparameters
*****************************************************
lr: 0.001
batch_size: 32
epochs: 7
weight_decay: 0.02
hidden_dim: 512
embedding_dim: 128
num_layers: 2
dropout: 0.3

*****************************************************
* Best Classification Report
*****************************************************
Classification Report for Epoch 7:
                 precision    recall  f1-score   support

      DoctorWho       0.88      0.91      0.90       362
  GameofThrones       0.96      0.94      0.95      2085
       StarWars       0.95      0.92      0.94      2269
        Tolkien       0.94      0.90      0.92      2419
      Offensive       0.97      0.95      0.96      1514
       Warcraft       0.90      0.94      0.92       231
    HarryPotter       0.91      0.90      0.91      1692
         Naruto       0.95      0.99      0.97       366
      Mythology       0.82      0.89      0.86       813
     DragonBall       0.90      0.95      0.92       303
   FinalFantasy       0.85      0.96      0.90       178
ForgottenRealms       0.83      0.91      0.87       266
     TheWitcher       0.91      0.97      0.94       261
      Discworld       0.73      0.92      0.82       117

       accuracy                           0.93     12876
      macro avg       0.89      0.93      0.91     12876
   weighted avg       0.93      0.93      0.93     12876


*****************************************************
* SK Learn Accuracy score
*****************************************************
Best score: 0.9254


*****************************************************
* Data Configuration
*****************************************************
*****************************************************
* Data Processing Configuration
*****************************************************
path: dataset/preprocessing
output_file: dataset.txt
train_file: train.txt
dev_file: dev.txt
test_file: test.txt
config_dump: data_config.info
train_size: 0.8
dev_size: 0.1
test_size: 0.1
unique_names: False
augmentation:
  enabled: True
  swap_characters: {'enabled': True, 'pct_words_to_swap': 0.4, 'transformations_per_example': {'min': 1, 'max': 3}}
  insert_characters: {'enabled': True, 'pct_words_to_swap': 0.4, 'transformations_per_example': {'min': 1, 'max': 3}}
  delete_characters: {'enabled': True, 'pct_words_to_swap': 0.4, 'transformations_per_example': {'min': 1, 'max': 3}}
  duplicate_characters: {'enabled': True, 'pct_words_to_swap': 0.2, 'transformations_per_example': 1}
  split_names: {'enabled': True, 'join_parts': True}
  label_exclusion: {'enabled': True, 'excluded_labels': ['Mythology']}
  internal_swap: {'enabled': True, 'swap_probability': 0.5}
labels: ['HarryPotter', 'StarWars', 'Tolkien', 'Warcraft', 'DragonBall', 'Naruto', 'ForgottenRealms', 'FinalFantasy', 'GameofThrones', 'TheWitcher', 'DoctorWho', 'Discworld', 'Mythology', 'Offensive']

Datasets:
  - Wikidata:
      name: Wikidata
      path: wikidata
      input_folder: raw_data
      output_folder: processed_data
      labels_folder: labels
      labels_file: labels.txt
      dataset_file: wikidata-universes.csv
      output_file: wikidata_dataset_FastText.txt
  - Mythdata:
      name: Mythdata
      path: mythology
      input_folder: raw_data
      output_folder: processed_data
      dataset_file: myth_dataset.csv
      output_file: myth_dataset.txt
  - NERdata:
      name: NERdata
      path: ner
      input_folder: raw_data
      output_folder: processed_data
      output_file: ner_dataset.txt
  - Slurs:
      name: Slurs
      path: slurs
      input_folder: raw_data
      output_folder: processed_data
      dataset_file: profanity.csv
      output_file: slurs.txt

