*****************************************************
* Dataset Sizes
*****************************************************
Training samples: 402069
Validation samples: 50252
*****************************************************
* Best Results
*****************************************************
Best validation accuracy: 0.8852
Best Epoch: 15
Best training loss: 0.2135
Best validation loss: 0.3162

*****************************************************
* Hyperparameters
*****************************************************
lr: 0.001
batch_size: 64
epochs: 15
weight_decay: 0.03
hidden_dim: 128
embedding_dim: 64
num_layers: 2
dropout: 0.5

*****************************************************
* Best Classification Report
*****************************************************
Classification Report for Epoch 15:
                 precision    recall  f1-score   support

      Mythology       0.74      0.85      0.79      5546
     Historical       1.00      0.88      0.93     28527
       StarWars       0.77      0.90      0.83      2674
  GameofThrones       0.85      0.91      0.88      2829
      DoctorWho       0.65      0.93      0.76       505
     DragonBall       0.59      0.96      0.73       323
     TheWitcher       0.78      0.96      0.86       307
        Tolkien       0.79      0.88      0.83      3551
      Offensive       0.88      0.93      0.90      2261
    HarryPotter       0.76      0.89      0.82      2173
       Warcraft       0.86      0.95      0.90       332
         Naruto       0.74      0.95      0.83       448
ForgottenRealms       0.63      0.88      0.73       407
      Discworld       0.63      0.89      0.74       140
   FinalFantasy       0.75      0.95      0.84       229

       accuracy                           0.89     50252
      macro avg       0.76      0.91      0.83     50252
   weighted avg       0.90      0.89      0.89     50252


*****************************************************
* SK Learn Accuracy score
*****************************************************
Best score: 0.8852


*****************************************************
* Data Configuration
*****************************************************
*****************************************************
* Data Processing Configuration
*****************************************************
path: dataset/preprocessing
output_file: dataset.txt
train_file: train.txt
dev_file: dev.txt
test_file: test.txt
config_dump: data_config.info
train_size: 0.8
dev_size: 0.1
test_size: 0.1
unique_names: True
augmentation:
  enabled: True
  only_basic_augmentation: False
  intensity: 2
  swap_characters: {'enabled': True, 'pct_words_to_swap': 0.6, 'transformations_per_example': {'min': 1, 'max': 3}}
  insert_characters: {'enabled': True, 'pct_words_to_swap': 0.6, 'transformations_per_example': {'min': 1, 'max': 3}}
  delete_characters: {'enabled': True, 'pct_words_to_swap': 0.6, 'transformations_per_example': {'min': 1, 'max': 3}}
  duplicate_characters: {'enabled': True, 'pct_words_to_swap': 0.6, 'transformations_per_example': 2}
  split_names: {'enabled': True, 'join_parts': True}
  label_exclusion: {'enabled': False, 'excluded_labels': []}
  internal_swap: {'enabled': True, 'swap_probability': 0.7}
labels: ['HarryPotter', 'StarWars', 'Tolkien', 'Warcraft', 'DragonBall', 'Naruto', 'ForgottenRealms', 'FinalFantasy', 'GameofThrones', 'TheWitcher', 'DoctorWho', 'Discworld', 'Mythology', 'Offensive', 'Historical']

Datasets:
  - Wikidata:
      name: Wikidata
      path: wikidata
      input_folder: raw_data
      output_folder: processed_data
      labels_folder: labels
      labels_file: labels.txt
      historical_file: extremely_relevant_figures2.txt
      dataset_file: wikidata-universes.csv
      output_file: wikidata_dataset_FastText.txt
  - Mythdata:
      name: Mythdata
      path: mythology
      input_folder: raw_data
      output_folder: processed_data
      dataset_file: myth_dataset.csv
      output_file: myth_dataset.txt
  - NERdata:
      name: NERdata
      path: ner
      input_folder: raw_data
      output_folder: processed_data
      output_file: ner_dataset.txt
  - Slurs:
      name: Slurs
      path: slurs
      input_folder: raw_data
      output_folder: processed_data
      dataset_file: profanity.csv
      output_file: slurs.txt


*****************************************************
* Epoch Output
*****************************************************
Epoch 1:
  Training Loss: 1.4828
  Validation Loss: 0.9579
  Validation Accuracy: 0.5382
  Learning Rate: 0.001000

Epoch 2:
  Training Loss: 0.8887
  Validation Loss: 0.7409
  Validation Accuracy: 0.6540
  Learning Rate: 0.001000

Epoch 3:
  Training Loss: 0.7049
  Validation Loss: 0.6097
  Validation Accuracy: 0.6921
  Learning Rate: 0.001000

Epoch 4:
  Training Loss: 0.6167
  Validation Loss: 0.5518
  Validation Accuracy: 0.7698
  Learning Rate: 0.001000

Epoch 5:
  Training Loss: 0.5427
  Validation Loss: 0.5188
  Validation Accuracy: 0.7591
  Learning Rate: 0.000500

Epoch 6:
  Training Loss: 0.4120
  Validation Loss: 0.4048
  Validation Accuracy: 0.7945
  Learning Rate: 0.000500

Epoch 7:
  Training Loss: 0.3666
  Validation Loss: 0.3940
  Validation Accuracy: 0.8239
  Learning Rate: 0.000500

Epoch 8:
  Training Loss: 0.3419
  Validation Loss: 0.4105
  Validation Accuracy: 0.8189
  Learning Rate: 0.000500

Epoch 9:
  Training Loss: 0.3270
  Validation Loss: 0.3745
  Validation Accuracy: 0.8130
  Learning Rate: 0.000500

Epoch 10:
  Training Loss: 0.3117
  Validation Loss: 0.3573
  Validation Accuracy: 0.8473
  Learning Rate: 0.000250

Epoch 11:
  Training Loss: 0.2537
  Validation Loss: 0.3299
  Validation Accuracy: 0.8678
  Learning Rate: 0.000250

Epoch 12:
  Training Loss: 0.2349
  Validation Loss: 0.3301
  Validation Accuracy: 0.8789
  Learning Rate: 0.000250

Epoch 13:
  Training Loss: 0.2266
  Validation Loss: 0.3197
  Validation Accuracy: 0.8643
  Learning Rate: 0.000250

Epoch 14:
  Training Loss: 0.2163
  Validation Loss: 0.3210
  Validation Accuracy: 0.8644
  Learning Rate: 0.000250

Epoch 15:
  Training Loss: 0.2135
  Validation Loss: 0.3162
  Validation Accuracy: 0.8852
  Learning Rate: 0.000125

*****************************************************
* Confusion Matrix
*****************************************************
[[ 4691,    47,   117,    41,    30,    71,    19,   211,    82,    94,
      7,    42,    65,    14,    15],
 [ 1229, 25146,   434,   223,   177,    91,    44,   444,   138,   312,
     24,    99,    86,    33,    47],
 [   83,    19,  2395,    21,    11,    15,     4,    49,    18,    34,
      3,     7,    14,     0,     1],
 [   46,    17,    34,  2575,     5,     3,     8,    61,    18,    50,
      1,     0,     7,     3,     1],
 [    8,     2,     4,     8,   472,     0,     0,     2,     1,     2,
      2,     0,     1,     3,     0],
 [    4,     0,     0,     1,     0,   310,     1,     4,     2,     0,
      0,     1,     0,     0,     0],
 [    5,     2,     2,     0,     1,     0,   295,     0,     0,     1,
      0,     1,     0,     0,     0],
 [  125,    16,    48,    85,    14,    13,     3,  3113,    15,    74,
     11,     0,    22,     9,     3],
 [   56,     2,    16,    16,     3,     5,     0,    17,  2111,    23,
      0,     3,     3,     5,     1],
 [   44,    12,    41,    41,    11,     8,     4,    43,    14,  1934,
      2,     0,    12,     3,     4],
 [    3,     1,     4,     2,     1,     1,     0,     5,     0,     0,
    314,     0,     1,     0,     0],
 [    9,     0,     2,     2,     0,     2,     1,     1,     1,     2,
      0,   427,     1,     0,     0],
 [    9,     2,     6,     5,     4,     4,     0,     7,     3,     5,
      0,     0,   359,     2,     1],
 [    2,     1,     3,     0,     2,     1,     0,     1,     2,     2,
      0,     0,     1,   125,     0],
 [    5,     0,     0,     1,     0,     1,     0,     2,     1,     1,
      0,     0,     0,     0,   218]]
