*****************************************************
* Dataset Sizes
*****************************************************
Training samples: 402069
Validation samples: 50252
*****************************************************
* Best Results
*****************************************************
Best validation accuracy: 0.7199
Best Epoch: 15
Best training loss: 0.6110
Best validation loss: 0.6756

*****************************************************
* Hyperparameters
*****************************************************
lr: 0.001
batch_size: 32
epochs: 15
weight_decay: 0.03
hidden_dim: 64
embedding_dim: 32
num_layers: 1
dropout: 0.5

*****************************************************
* Best Classification Report
*****************************************************
Classification Report for Epoch 15:
                 precision    recall  f1-score   support

      Mythology       0.57      0.58      0.57      5546
     Historical       0.97      0.73      0.83     28527
       StarWars       0.42      0.70      0.53      2674
  GameofThrones       0.63      0.77      0.70      2829
      DoctorWho       0.48      0.85      0.61       505
     DragonBall       0.39      0.87      0.54       323
     TheWitcher       0.53      0.94      0.68       307
        Tolkien       0.62      0.65      0.64      3551
      Offensive       0.64      0.86      0.73      2261
    HarryPotter       0.55      0.71      0.62      2173
       Warcraft       0.56      0.88      0.68       332
         Naruto       0.37      0.92      0.53       448
ForgottenRealms       0.30      0.81      0.43       407
      Discworld       0.36      0.84      0.50       140
   FinalFantasy       0.41      0.92      0.57       229

       accuracy                           0.72     50252
      macro avg       0.52      0.80      0.61     50252
   weighted avg       0.79      0.72      0.74     50252


*****************************************************
* SK Learn Accuracy score
*****************************************************
Best score: 0.7199


*****************************************************
* Data Configuration
*****************************************************
*****************************************************
* Data Processing Configuration
*****************************************************
path: dataset/preprocessing
output_file: dataset.txt
train_file: train.txt
dev_file: dev.txt
test_file: test.txt
config_dump: data_config.info
train_size: 0.8
dev_size: 0.1
test_size: 0.1
unique_names: True
augmentation:
  enabled: True
  only_basic_augmentation: False
  intensity: 2
  swap_characters: {'enabled': True, 'pct_words_to_swap': 0.6, 'transformations_per_example': {'min': 1, 'max': 3}}
  insert_characters: {'enabled': True, 'pct_words_to_swap': 0.6, 'transformations_per_example': {'min': 1, 'max': 3}}
  delete_characters: {'enabled': True, 'pct_words_to_swap': 0.6, 'transformations_per_example': {'min': 1, 'max': 3}}
  duplicate_characters: {'enabled': True, 'pct_words_to_swap': 0.6, 'transformations_per_example': 2}
  split_names: {'enabled': True, 'join_parts': True}
  label_exclusion: {'enabled': False, 'excluded_labels': []}
  internal_swap: {'enabled': True, 'swap_probability': 0.7}
labels: ['HarryPotter', 'StarWars', 'Tolkien', 'Warcraft', 'DragonBall', 'Naruto', 'ForgottenRealms', 'FinalFantasy', 'GameofThrones', 'TheWitcher', 'DoctorWho', 'Discworld', 'Mythology', 'Offensive', 'Historical']

Datasets:
  - Wikidata:
      name: Wikidata
      path: wikidata
      input_folder: raw_data
      output_folder: processed_data
      labels_folder: labels
      labels_file: labels.txt
      historical_file: extremely_relevant_figures2.txt
      dataset_file: wikidata-universes.csv
      output_file: wikidata_dataset_FastText.txt
  - Mythdata:
      name: Mythdata
      path: mythology
      input_folder: raw_data
      output_folder: processed_data
      dataset_file: myth_dataset.csv
      output_file: myth_dataset.txt
  - NERdata:
      name: NERdata
      path: ner
      input_folder: raw_data
      output_folder: processed_data
      output_file: ner_dataset.txt
  - Slurs:
      name: Slurs
      path: slurs
      input_folder: raw_data
      output_folder: processed_data
      dataset_file: profanity.csv
      output_file: slurs.txt


*****************************************************
* Epoch Output
*****************************************************
Epoch 1:
  Training Loss: 1.7291
  Validation Loss: 1.3694
  Validation Accuracy: 0.4780
  Learning Rate: 0.001000

Epoch 2:
  Training Loss: 1.2130
  Validation Loss: 1.1123
  Validation Accuracy: 0.5219
  Learning Rate: 0.001000

Epoch 3:
  Training Loss: 1.0304
  Validation Loss: 1.0023
  Validation Accuracy: 0.5710
  Learning Rate: 0.001000

Epoch 4:
  Training Loss: 0.9389
  Validation Loss: 0.9363
  Validation Accuracy: 0.6016
  Learning Rate: 0.001000

Epoch 5:
  Training Loss: 0.8808
  Validation Loss: 0.9079
  Validation Accuracy: 0.6006
  Learning Rate: 0.000500

Epoch 6:
  Training Loss: 0.7529
  Validation Loss: 0.7921
  Validation Accuracy: 0.6930
  Learning Rate: 0.000500

Epoch 7:
  Training Loss: 0.7291
  Validation Loss: 0.7708
  Validation Accuracy: 0.6912
  Learning Rate: 0.000500

Epoch 8:
  Training Loss: 0.7143
  Validation Loss: 0.7763
  Validation Accuracy: 0.6597
  Learning Rate: 0.000500

Epoch 9:
  Training Loss: 0.7049
  Validation Loss: 0.7481
  Validation Accuracy: 0.6839
  Learning Rate: 0.000500

Epoch 10:
  Training Loss: 0.6961
  Validation Loss: 0.7445
  Validation Accuracy: 0.6656
  Learning Rate: 0.000250

Epoch 11:
  Training Loss: 0.6300
  Validation Loss: 0.6986
  Validation Accuracy: 0.7140
  Learning Rate: 0.000250

Epoch 12:
  Training Loss: 0.6197
  Validation Loss: 0.6781
  Validation Accuracy: 0.6994
  Learning Rate: 0.000250

Epoch 13:
  Training Loss: 0.6130
  Validation Loss: 0.6801
  Validation Accuracy: 0.7125
  Learning Rate: 0.000250

Epoch 14:
  Training Loss: 0.6136
  Validation Loss: 0.6897
  Validation Accuracy: 0.7094
  Learning Rate: 0.000250

Epoch 15:
  Training Loss: 0.6110
  Validation Loss: 0.6756
  Validation Accuracy: 0.7199
  Learning Rate: 0.000125

*****************************************************
* Confusion Matrix
*****************************************************
[[ 3200,   305,   321,   186,    67,   133,    48,   342,   289,   109,
     42,   236,   184,    26,    58],
 [ 1561, 20753,  2058,   477,   298,   156,   153,   593,   435,   866,
    103,   375,   379,   143,   177],
 [  228,    70,  1882,    79,    30,    42,    14,   116,    67,    45,
     13,    24,    43,    10,    11],
 [   89,    51,    37,  2181,    16,    12,    12,   197,    94,    62,
     12,    13,    41,     1,    11],
 [   11,    17,     9,     8,   427,     4,     2,     6,     6,     2,
      2,     6,     1,     4,     0],
 [   14,     1,     3,     2,     0,   282,     1,     3,     3,     1,
      3,     6,     1,     1,     2],
 [    5,     5,     0,     0,     1,     0,   290,     1,     1,     0,
      0,     1,     2,     0,     1],
 [  279,    50,    80,   329,    25,    33,    15,  2325,   101,   127,
     45,    14,    92,    17,    19],
 [   83,    19,    32,    45,     3,    22,     4,    31,  1935,    47,
      5,    12,     7,     7,     9],
 [  107,    78,    39,   107,    15,    28,    11,    94,    99,  1541,
      3,     9,    34,     1,     7],
 [    8,     2,     4,     8,     1,     3,     0,     4,     1,     2,
    292,     3,     3,     1,     0],
 [   14,     2,     4,     0,     2,     3,     0,     3,     2,     1,
      0,   411,     4,     0,     2],
 [   19,     6,     8,     9,     0,     2,     0,    13,     8,     6,
      1,     2,   331,     1,     1],
 [    3,     0,     1,     2,     1,     2,     0,     4,     6,     0,
      3,     0,     0,   117,     1],
 [    7,     1,     0,     3,     0,     1,     0,     3,     0,     2,
      1,     1,     0,     0,   210]]
