*****************************************************
* Dataset Sizes
*****************************************************
Training samples: 402069
Validation samples: 50252
*****************************************************
* Best Results
*****************************************************
Best validation accuracy: 0.7665
Best Epoch: 15
Best training loss: 0.4986
Best validation loss: 0.5209

*****************************************************
* Hyperparameters
*****************************************************
lr: 0.001
batch_size: 64
epochs: 15
weight_decay: 0.03
hidden_dim: 64
embedding_dim: 32
num_layers: 2
dropout: 0.5

*****************************************************
* Best Classification Report
*****************************************************
Classification Report for Epoch 15:
                 precision    recall  f1-score   support

      Mythology       0.58      0.63      0.61      5546
     Historical       0.98      0.77      0.86     28527
       StarWars       0.62      0.73      0.67      2674
  GameofThrones       0.64      0.81      0.72      2829
      DoctorWho       0.42      0.89      0.57       505
     DragonBall       0.44      0.90      0.59       323
     TheWitcher       0.46      0.97      0.62       307
        Tolkien       0.63      0.74      0.68      3551
      Offensive       0.73      0.88      0.80      2261
    HarryPotter       0.65      0.75      0.70      2173
       Warcraft       0.58      0.93      0.72       332
         Naruto       0.57      0.92      0.70       448
ForgottenRealms       0.32      0.89      0.47       407
      Discworld       0.44      0.88      0.59       140
   FinalFantasy       0.40      0.95      0.57       229

       accuracy                           0.77     50252
      macro avg       0.56      0.84      0.66     50252
   weighted avg       0.82      0.77      0.78     50252


*****************************************************
* SK Learn Accuracy score
*****************************************************
Best score: 0.7665


*****************************************************
* Data Configuration
*****************************************************
*****************************************************
* Data Processing Configuration
*****************************************************
path: dataset/preprocessing
output_file: dataset.txt
train_file: train.txt
dev_file: dev.txt
test_file: test.txt
config_dump: data_config.info
train_size: 0.8
dev_size: 0.1
test_size: 0.1
unique_names: True
augmentation:
  enabled: True
  only_basic_augmentation: False
  intensity: 2
  swap_characters: {'enabled': True, 'pct_words_to_swap': 0.6, 'transformations_per_example': {'min': 1, 'max': 3}}
  insert_characters: {'enabled': True, 'pct_words_to_swap': 0.6, 'transformations_per_example': {'min': 1, 'max': 3}}
  delete_characters: {'enabled': True, 'pct_words_to_swap': 0.6, 'transformations_per_example': {'min': 1, 'max': 3}}
  duplicate_characters: {'enabled': True, 'pct_words_to_swap': 0.6, 'transformations_per_example': 2}
  split_names: {'enabled': True, 'join_parts': True}
  label_exclusion: {'enabled': False, 'excluded_labels': []}
  internal_swap: {'enabled': True, 'swap_probability': 0.7}
labels: ['HarryPotter', 'StarWars', 'Tolkien', 'Warcraft', 'DragonBall', 'Naruto', 'ForgottenRealms', 'FinalFantasy', 'GameofThrones', 'TheWitcher', 'DoctorWho', 'Discworld', 'Mythology', 'Offensive', 'Historical']

Datasets:
  - Wikidata:
      name: Wikidata
      path: wikidata
      input_folder: raw_data
      output_folder: processed_data
      labels_folder: labels
      labels_file: labels.txt
      historical_file: extremely_relevant_figures2.txt
      dataset_file: wikidata-universes.csv
      output_file: wikidata_dataset_FastText.txt
  - Mythdata:
      name: Mythdata
      path: mythology
      input_folder: raw_data
      output_folder: processed_data
      dataset_file: myth_dataset.csv
      output_file: myth_dataset.txt
  - NERdata:
      name: NERdata
      path: ner
      input_folder: raw_data
      output_folder: processed_data
      output_file: ner_dataset.txt
  - Slurs:
      name: Slurs
      path: slurs
      input_folder: raw_data
      output_folder: processed_data
      dataset_file: profanity.csv
      output_file: slurs.txt


*****************************************************
* Epoch Output
*****************************************************
Epoch 1:
  Training Loss: 1.8045
  Validation Loss: 1.3603
  Validation Accuracy: 0.4011
  Learning Rate: 0.001000

Epoch 2:
  Training Loss: 1.2767
  Validation Loss: 1.0890
  Validation Accuracy: 0.4902
  Learning Rate: 0.001000

Epoch 3:
  Training Loss: 1.0736
  Validation Loss: 0.9528
  Validation Accuracy: 0.5523
  Learning Rate: 0.001000

Epoch 4:
  Training Loss: 0.9567
  Validation Loss: 0.8312
  Validation Accuracy: 0.6270
  Learning Rate: 0.001000

Epoch 5:
  Training Loss: 0.8749
  Validation Loss: 0.7875
  Validation Accuracy: 0.6228
  Learning Rate: 0.000500

Epoch 6:
  Training Loss: 0.7320
  Validation Loss: 0.6795
  Validation Accuracy: 0.6685
  Learning Rate: 0.000500

Epoch 7:
  Training Loss: 0.6840
  Validation Loss: 0.6459
  Validation Accuracy: 0.6768
  Learning Rate: 0.000500

Epoch 8:
  Training Loss: 0.6590
  Validation Loss: 0.6375
  Validation Accuracy: 0.6956
  Learning Rate: 0.000500

Epoch 9:
  Training Loss: 0.6340
  Validation Loss: 0.6147
  Validation Accuracy: 0.7021
  Learning Rate: 0.000500

Epoch 10:
  Training Loss: 0.6109
  Validation Loss: 0.6053
  Validation Accuracy: 0.7113
  Learning Rate: 0.000250

Epoch 11:
  Training Loss: 0.5437
  Validation Loss: 0.5475
  Validation Accuracy: 0.7455
  Learning Rate: 0.000250

Epoch 12:
  Training Loss: 0.5241
  Validation Loss: 0.5546
  Validation Accuracy: 0.7419
  Learning Rate: 0.000250

Epoch 13:
  Training Loss: 0.5154
  Validation Loss: 0.5332
  Validation Accuracy: 0.7459
  Learning Rate: 0.000250

Epoch 14:
  Training Loss: 0.5071
  Validation Loss: 0.5349
  Validation Accuracy: 0.7527
  Learning Rate: 0.000250

Epoch 15:
  Training Loss: 0.4986
  Validation Loss: 0.5209
  Validation Accuracy: 0.7665
  Learning Rate: 0.000125

*****************************************************
* Confusion Matrix
*****************************************************
[[ 3514,   292,   130,   183,    64,   143,    61,   367,   180,   130,
     62,   112,   206,    41,    61],
 [ 1815, 22046,   925,   633,   481,   129,   242,   617,   371,   452,
     80,   171,   289,    72,   204],
 [  179,    44,  1949,    81,    23,    36,     7,   132,    45,    69,
      9,    10,    72,     6,    12],
 [   81,    19,    17,  2299,     9,     4,     5,   204,    53,    68,
     14,     5,    39,     6,     6],
 [    5,     7,     4,     7,   451,     2,     2,    13,     6,     4,
      0,     1,     3,     0,     0],
 [    7,     1,     3,     2,     0,   291,     1,     4,     1,     5,
      3,     2,     2,     0,     1],
 [    1,     1,     1,     1,     0,     0,   298,     2,     0,     0,
      0,     1,     2,     0,     0],
 [  232,    32,    52,   241,    22,    23,    20,  2614,    29,   106,
     38,     6,   110,    12,    14],
 [  103,     9,    10,    23,     5,     7,     4,    29,  1994,    38,
      6,     1,    13,     9,    10],
 [  100,    60,    29,    86,    10,    14,     5,   121,    59,  1636,
      6,     1,    26,     9,    11],
 [    4,     1,     0,     4,     1,     2,     1,     4,     1,     3,
    310,     0,     1,     0,     0],
 [   14,     1,     0,     1,     1,     6,     1,     0,     0,     0,
      0,   414,     6,     1,     3],
 [    7,     4,     0,     6,     0,     4,     1,     9,     5,     5,
      0,     2,   363,     1,     0],
 [    1,     1,     1,     3,     2,     1,     0,     1,     2,     3,
      1,     0,     0,   123,     1],
 [    3,     0,     0,     0,     0,     0,     0,     2,     1,     2,
      1,     1,     1,     0,   218]]
