*****************************************************
* Dataset Sizes
*****************************************************
Training samples: 402069
Validation samples: 50252
*****************************************************
* Best Results
*****************************************************
Best validation accuracy: 0.7671
Best Epoch: 15
Best training loss: 0.4759
Best validation loss: 0.5013

*****************************************************
* Hyperparameters
*****************************************************
lr: 0.001
batch_size: 64
epochs: 15
weight_decay: 0.03
hidden_dim: 64
embedding_dim: 64
num_layers: 2
dropout: 0.5

*****************************************************
* Best Classification Report
*****************************************************
Classification Report for Epoch 15:
                 precision    recall  f1-score   support

      Mythology       0.59      0.61      0.60      5546
     Historical       0.97      0.78      0.87     28527
       StarWars       0.62      0.72      0.67      2674
  GameofThrones       0.75      0.80      0.77      2829
      DoctorWho       0.32      0.93      0.47       505
     DragonBall       0.27      0.98      0.42       323
     TheWitcher       0.61      0.95      0.74       307
        Tolkien       0.69      0.73      0.71      3551
      Offensive       0.74      0.88      0.80      2261
    HarryPotter       0.65      0.78      0.71      2173
       Warcraft       0.50      0.97      0.66       332
         Naruto       0.42      0.93      0.58       448
ForgottenRealms       0.34      0.89      0.49       407
      Discworld       0.39      0.89      0.54       140
   FinalFantasy       0.49      0.95      0.65       229

       accuracy                           0.77     50252
      macro avg       0.56      0.85      0.65     50252
   weighted avg       0.83      0.77      0.78     50252


*****************************************************
* SK Learn Accuracy score
*****************************************************
Best score: 0.7671


*****************************************************
* Data Configuration
*****************************************************
*****************************************************
* Data Processing Configuration
*****************************************************
path: dataset/preprocessing
output_file: dataset.txt
train_file: train.txt
dev_file: dev.txt
test_file: test.txt
config_dump: data_config.info
train_size: 0.8
dev_size: 0.1
test_size: 0.1
unique_names: True
augmentation:
  enabled: True
  only_basic_augmentation: False
  intensity: 2
  swap_characters: {'enabled': True, 'pct_words_to_swap': 0.6, 'transformations_per_example': {'min': 1, 'max': 3}}
  insert_characters: {'enabled': True, 'pct_words_to_swap': 0.6, 'transformations_per_example': {'min': 1, 'max': 3}}
  delete_characters: {'enabled': True, 'pct_words_to_swap': 0.6, 'transformations_per_example': {'min': 1, 'max': 3}}
  duplicate_characters: {'enabled': True, 'pct_words_to_swap': 0.6, 'transformations_per_example': 2}
  split_names: {'enabled': True, 'join_parts': True}
  label_exclusion: {'enabled': False, 'excluded_labels': []}
  internal_swap: {'enabled': True, 'swap_probability': 0.7}
labels: ['HarryPotter', 'StarWars', 'Tolkien', 'Warcraft', 'DragonBall', 'Naruto', 'ForgottenRealms', 'FinalFantasy', 'GameofThrones', 'TheWitcher', 'DoctorWho', 'Discworld', 'Mythology', 'Offensive', 'Historical']

Datasets:
  - Wikidata:
      name: Wikidata
      path: wikidata
      input_folder: raw_data
      output_folder: processed_data
      labels_folder: labels
      labels_file: labels.txt
      historical_file: extremely_relevant_figures2.txt
      dataset_file: wikidata-universes.csv
      output_file: wikidata_dataset_FastText.txt
  - Mythdata:
      name: Mythdata
      path: mythology
      input_folder: raw_data
      output_folder: processed_data
      dataset_file: myth_dataset.csv
      output_file: myth_dataset.txt
  - NERdata:
      name: NERdata
      path: ner
      input_folder: raw_data
      output_folder: processed_data
      output_file: ner_dataset.txt
  - Slurs:
      name: Slurs
      path: slurs
      input_folder: raw_data
      output_folder: processed_data
      dataset_file: profanity.csv
      output_file: slurs.txt


*****************************************************
* Epoch Output
*****************************************************
Epoch 1:
  Training Loss: 1.7919
  Validation Loss: 1.3413
  Validation Accuracy: 0.4147
  Learning Rate: 0.001000

Epoch 2:
  Training Loss: 1.2668
  Validation Loss: 1.0578
  Validation Accuracy: 0.5110
  Learning Rate: 0.001000

Epoch 3:
  Training Loss: 1.0608
  Validation Loss: 0.9280
  Validation Accuracy: 0.5628
  Learning Rate: 0.001000

Epoch 4:
  Training Loss: 0.9341
  Validation Loss: 0.8235
  Validation Accuracy: 0.6052
  Learning Rate: 0.001000

Epoch 5:
  Training Loss: 0.8501
  Validation Loss: 0.7720
  Validation Accuracy: 0.6282
  Learning Rate: 0.000500

Epoch 6:
  Training Loss: 0.7093
  Validation Loss: 0.6580
  Validation Accuracy: 0.6935
  Learning Rate: 0.000500

Epoch 7:
  Training Loss: 0.6604
  Validation Loss: 0.6363
  Validation Accuracy: 0.6862
  Learning Rate: 0.000500

Epoch 8:
  Training Loss: 0.6297
  Validation Loss: 0.6018
  Validation Accuracy: 0.7053
  Learning Rate: 0.000500

Epoch 9:
  Training Loss: 0.6100
  Validation Loss: 0.6092
  Validation Accuracy: 0.6783
  Learning Rate: 0.000500

Epoch 10:
  Training Loss: 0.5931
  Validation Loss: 0.6068
  Validation Accuracy: 0.7162
  Learning Rate: 0.000250

Epoch 11:
  Training Loss: 0.5246
  Validation Loss: 0.5276
  Validation Accuracy: 0.7383
  Learning Rate: 0.000250

Epoch 12:
  Training Loss: 0.5050
  Validation Loss: 0.5124
  Validation Accuracy: 0.7472
  Learning Rate: 0.000250

Epoch 13:
  Training Loss: 0.4917
  Validation Loss: 0.5094
  Validation Accuracy: 0.7527
  Learning Rate: 0.000250

Epoch 14:
  Training Loss: 0.4838
  Validation Loss: 0.5109
  Validation Accuracy: 0.7441
  Learning Rate: 0.000250

Epoch 15:
  Training Loss: 0.4759
  Validation Loss: 0.5013
  Validation Accuracy: 0.7671
  Learning Rate: 0.000125

*****************************************************
* Confusion Matrix
*****************************************************
[[ 3369,   385,   125,    83,    74,   285,    57,   323,   163,   144,
     67,   159,   200,    64,    48],
 [ 1612, 22207,   948,   375,   802,   336,    88,   477,   324,   497,
    114,   351,   202,    61,   133],
 [  191,    58,  1938,    60,    27,    72,     5,    82,    42,    48,
     24,    22,    84,     8,    13],
 [   85,    23,    39,  2258,    18,    22,     5,   143,    47,    58,
     42,    14,    56,    14,     5],
 [    1,     2,     1,     4,   468,     6,     1,     9,     2,     6,
      2,     2,     1,     0,     0],
 [    2,     0,     0,     1,     1,   315,     1,     1,     1,     0,
      0,     1,     0,     0,     0],
 [    3,     3,     1,     0,     0,     0,   293,     1,     0,     0,
      1,     3,     2,     0,     0],
 [  235,    49,    26,   145,    51,    85,    26,  2582,    47,   115,
     56,     9,   104,    12,     9],
 [   85,    21,    12,    20,    12,    24,     0,    35,  1985,    35,
      1,     4,     7,    15,     5],
 [   84,    55,    24,    62,    11,    21,     2,    78,    58,  1687,
     10,     4,    44,    23,    10],
 [    1,     0,     0,     1,     0,     1,     0,     2,     0,     2,
    321,     1,     3,     0,     0],
 [   12,     1,     0,     1,     0,     6,     1,     0,     1,     0,
      1,   417,     7,     0,     1],
 [   11,     2,     4,     5,     1,     4,     2,     5,     1,     3,
      4,     0,   364,     1,     0],
 [    1,     0,     0,     1,     1,     3,     0,     1,     4,     2,
      1,     0,     1,   125,     0],
 [    5,     2,     1,     0,     0,     1,     0,     0,     0,     2,
      0,     0,     1,     0,   217]]
