*****************************************************
* Dataset Sizes
*****************************************************
Training samples: 497252
Validation samples: 62151
*****************************************************
* Best Results
*****************************************************
Best validation accuracy: 0.9384
Best Epoch: 10
Best training loss: 0.1746
Best validation loss: 0.1901

*****************************************************
* Hyperparameters
*****************************************************
lr: 0.001
batch_size: 64
epochs: 10
weight_decay: 0.03
hidden_dim: 128
embedding_dim: 64
num_layers: 2
dropout: 0.4

*****************************************************
* Best Classification Report
*****************************************************
Classification Report for Epoch 10:
                 precision    recall  f1-score   support

     Historical       0.98      0.97      0.97     34828
        Tolkien       0.87      0.90      0.89      4457
       Warcraft       0.98      0.84      0.90       413
      Offensive       0.93      0.94      0.93      2819
       StarWars       0.92      0.88      0.90      3376
         Naruto       0.97      0.88      0.92       567
    HarryPotter       0.91      0.86      0.88      2740
      Mythology       0.83      0.92      0.87      6983
  GameofThrones       0.92      0.93      0.92      3574
   FinalFantasy       0.98      0.87      0.92       285
      DoctorWho       0.94      0.87      0.91       623
     TheWitcher       0.93      0.94      0.94       387
ForgottenRealms       0.89      0.78      0.83       502
     DragonBall       0.88      0.86      0.87       423
      Discworld       0.96      0.85      0.90       174

       accuracy                           0.94     62151
      macro avg       0.93      0.89      0.90     62151
   weighted avg       0.94      0.94      0.94     62151


*****************************************************
* SK Learn Accuracy score
*****************************************************
Best score: 0.9384


*****************************************************
* Data Configuration
*****************************************************
*****************************************************
* Data Processing Configuration
*****************************************************
path: dataset/preprocessing
output_file: dataset.txt
train_file: train.txt
dev_file: dev.txt
test_file: test.txt
config_dump: data_config.info
train_size: 0.8
dev_size: 0.1
test_size: 0.1
unique_names: True
augmentation:
  enabled: True
  only_basic_augmentation: False
  intensity: 2
  swap_characters: {'enabled': True, 'pct_words_to_swap': 0.5, 'transformations_per_example': {'min': 1, 'max': 4}}
  insert_characters: {'enabled': True, 'pct_words_to_swap': 0.6, 'transformations_per_example': {'min': 1, 'max': 4}}
  delete_characters: {'enabled': True, 'pct_words_to_swap': 0.5, 'transformations_per_example': {'min': 1, 'max': 3}}
  duplicate_characters: {'enabled': True, 'pct_words_to_swap': 0.4, 'transformations_per_example': 2}
  split_names: {'enabled': True, 'join_parts': True}
  label_exclusion: {'enabled': False, 'excluded_labels': []}
  internal_swap: {'enabled': True, 'swap_probability': 0.5}
labels: ['HarryPotter', 'StarWars', 'Tolkien', 'Warcraft', 'DragonBall', 'Naruto', 'ForgottenRealms', 'FinalFantasy', 'GameofThrones', 'TheWitcher', 'DoctorWho', 'Discworld', 'Mythology', 'Offensive', 'Historical']

Datasets:
  - Wikidata:
      name: Wikidata
      path: wikidata
      input_folder: raw_data
      output_folder: processed_data
      labels_folder: labels
      labels_file: labels.txt
      historical_file: extremely_relevant_figures2.txt
      dataset_file: wikidata-universes.csv
      output_file: wikidata_dataset_FastText.txt
  - Mythdata:
      name: Mythdata
      path: mythology
      input_folder: raw_data
      output_folder: processed_data
      dataset_file: myth_dataset.csv
      output_file: myth_dataset.txt
  - NERdata:
      name: NERdata
      path: ner
      input_folder: raw_data
      output_folder: processed_data
      output_file: ner_dataset.txt
  - Slurs:
      name: Slurs
      path: slurs
      input_folder: raw_data
      output_folder: processed_data
      dataset_file: profanity.csv
      output_file: slurs.txt


*****************************************************
* Epoch Output
*****************************************************
Epoch 1:
  Training Loss: 0.7233
  Validation Loss: 0.5077
  Validation Accuracy: 0.8338
  Learning Rate: 0.001000

Epoch 2:
  Training Loss: 0.4429
  Validation Loss: 0.3551
  Validation Accuracy: 0.8822
  Learning Rate: 0.001000

Epoch 3:
  Training Loss: 0.3556
  Validation Loss: 0.2988
  Validation Accuracy: 0.9018
  Learning Rate: 0.001000

Epoch 4:
  Training Loss: 0.3089
  Validation Loss: 0.2751
  Validation Accuracy: 0.9097
  Learning Rate: 0.001000

Epoch 5:
  Training Loss: 0.2809
  Validation Loss: 0.2495
  Validation Accuracy: 0.9173
  Learning Rate: 0.000500

Epoch 6:
  Training Loss: 0.2121
  Validation Loss: 0.2068
  Validation Accuracy: 0.9330
  Learning Rate: 0.000500

Epoch 7:
  Training Loss: 0.1948
  Validation Loss: 0.1920
  Validation Accuracy: 0.9374
  Learning Rate: 0.000500

Epoch 8:
  Training Loss: 0.1861
  Validation Loss: 0.1982
  Validation Accuracy: 0.9361
  Learning Rate: 0.000500

Epoch 9:
  Training Loss: 0.1794
  Validation Loss: 0.1953
  Validation Accuracy: 0.9382
  Learning Rate: 0.000500

Epoch 10:
  Training Loss: 0.1746
  Validation Loss: 0.1901
  Validation Accuracy: 0.9384
  Learning Rate: 0.000250

