2024-12-14 18:19:35,725 - PytorchModel - INFO - Starting training with params: {'lr': 0.001, 'batch_size': 32, 'epochs': 15, 'weight_decay': 0.03, 'hidden_dim': 64, 'embeddings_dim': 32, 'num_layers': 1, 'dropout': 0.5}
2024-12-14 18:27:37,628 - PytorchModel - INFO - Model: PytorchModel
2024-12-14 18:27:37,628 - PytorchModel - INFO - Hyperparameters: {'lr': 0.001, 'batch_size': 32, 'epochs': 15, 'weight_decay': 0.03, 'hidden_dim': 64, 'embeddings_dim': 32, 'num_layers': 1, 'dropout': 0.5}
2024-12-14 18:27:37,628 - PytorchModel - INFO - Accuracy: 0.7213
2024-12-14 18:27:37,628 - PytorchModel - INFO - Classification Report:
2024-12-14 18:27:37,628 - PytorchModel - INFO -                  precision    recall  f1-score   support

      Mythology       0.57      0.58      0.57      5546
     Historical       0.97      0.73      0.83     28527
       StarWars       0.43      0.69      0.53      2674
  GameofThrones       0.64      0.78      0.70      2829
      DoctorWho       0.47      0.83      0.60       505
     DragonBall       0.40      0.89      0.55       323
     TheWitcher       0.57      0.95      0.71       307
        Tolkien       0.62      0.65      0.64      3551
      Offensive       0.63      0.85      0.72      2261
    HarryPotter       0.54      0.71      0.61      2173
       Warcraft       0.57      0.86      0.68       332
         Naruto       0.38      0.95      0.54       448
ForgottenRealms       0.29      0.83      0.43       407
      Discworld       0.35      0.85      0.50       140
   FinalFantasy       0.41      0.92      0.57       229

       accuracy                           0.72     50252
      macro avg       0.52      0.80      0.61     50252
   weighted avg       0.79      0.72      0.74     50252

2024-12-14 18:27:37,628 - PytorchModel - INFO - ==================================================
2024-12-14 18:27:37,628 - PytorchModel - INFO - Starting training with params: {'lr': 0.001, 'batch_size': 32, 'epochs': 15, 'weight_decay': 0.03, 'hidden_dim': 64, 'embeddings_dim': 64, 'num_layers': 1, 'dropout': 0.5}
2024-12-14 18:35:37,243 - PytorchModel - INFO - Model: PytorchModel
2024-12-14 18:35:37,243 - PytorchModel - INFO - Hyperparameters: {'lr': 0.001, 'batch_size': 32, 'epochs': 15, 'weight_decay': 0.03, 'hidden_dim': 64, 'embeddings_dim': 64, 'num_layers': 1, 'dropout': 0.5}
2024-12-14 18:35:37,243 - PytorchModel - INFO - Accuracy: 0.7158
2024-12-14 18:35:37,243 - PytorchModel - INFO - Classification Report:
2024-12-14 18:35:37,243 - PytorchModel - INFO -                  precision    recall  f1-score   support

      Mythology       0.58      0.54      0.56      5546
     Historical       0.97      0.72      0.83     28527
       StarWars       0.46      0.65      0.54      2674
  GameofThrones       0.62      0.80      0.70      2829
      DoctorWho       0.38      0.86      0.53       505
     DragonBall       0.30      0.93      0.45       323
     TheWitcher       0.45      0.94      0.61       307
        Tolkien       0.58      0.73      0.65      3551
      Offensive       0.68      0.85      0.75      2261
    HarryPotter       0.54      0.73      0.62      2173
       Warcraft       0.65      0.83      0.73       332
         Naruto       0.40      0.94      0.56       448
ForgottenRealms       0.25      0.89      0.39       407
      Discworld       0.62      0.84      0.71       140
   FinalFantasy       0.41      0.92      0.57       229

       accuracy                           0.72     50252
      macro avg       0.53      0.81      0.61     50252
   weighted avg       0.79      0.72      0.73     50252

2024-12-14 18:35:37,243 - PytorchModel - INFO - ==================================================
2024-12-14 18:35:37,243 - PytorchModel - INFO - Starting training with params: {'lr': 0.001, 'batch_size': 32, 'epochs': 15, 'weight_decay': 0.03, 'hidden_dim': 128, 'embeddings_dim': 32, 'num_layers': 1, 'dropout': 0.5}
2024-12-14 18:45:25,019 - PytorchModel - INFO - Model: PytorchModel
2024-12-14 18:45:25,019 - PytorchModel - INFO - Hyperparameters: {'lr': 0.001, 'batch_size': 32, 'epochs': 15, 'weight_decay': 0.03, 'hidden_dim': 128, 'embeddings_dim': 32, 'num_layers': 1, 'dropout': 0.5}
2024-12-14 18:45:25,019 - PytorchModel - INFO - Accuracy: 0.8518
2024-12-14 18:45:25,019 - PytorchModel - INFO - Classification Report:
2024-12-14 18:45:25,019 - PytorchModel - INFO -                  precision    recall  f1-score   support

      Mythology       0.71      0.77      0.74      5546
     Historical       0.99      0.86      0.92     28527
       StarWars       0.69      0.83      0.75      2674
  GameofThrones       0.82      0.86      0.84      2829
      DoctorWho       0.66      0.90      0.76       505
     DragonBall       0.55      0.91      0.69       323
     TheWitcher       0.66      0.94      0.78       307
        Tolkien       0.73      0.83      0.78      3551
      Offensive       0.79      0.92      0.85      2261
    HarryPotter       0.71      0.84      0.77      2173
       Warcraft       0.69      0.92      0.79       332
         Naruto       0.67      0.96      0.79       448
ForgottenRealms       0.51      0.86      0.64       407
      Discworld       0.47      0.92      0.62       140
   FinalFantasy       0.77      0.90      0.83       229

       accuracy                           0.85     50252
      macro avg       0.70      0.88      0.77     50252
   weighted avg       0.87      0.85      0.86     50252

2024-12-14 18:45:25,019 - PytorchModel - INFO - ==================================================
2024-12-14 18:45:25,020 - PytorchModel - INFO - Starting training with params: {'lr': 0.001, 'batch_size': 32, 'epochs': 15, 'weight_decay': 0.03, 'hidden_dim': 128, 'embeddings_dim': 64, 'num_layers': 1, 'dropout': 0.5}
2024-12-14 18:55:17,749 - PytorchModel - INFO - Model: PytorchModel
2024-12-14 18:55:17,749 - PytorchModel - INFO - Hyperparameters: {'lr': 0.001, 'batch_size': 32, 'epochs': 15, 'weight_decay': 0.03, 'hidden_dim': 128, 'embeddings_dim': 64, 'num_layers': 1, 'dropout': 0.5}
2024-12-14 18:55:17,749 - PytorchModel - INFO - Accuracy: 0.8520
2024-12-14 18:55:17,749 - PytorchModel - INFO - Classification Report:
2024-12-14 18:55:17,749 - PytorchModel - INFO -                  precision    recall  f1-score   support

      Mythology       0.71      0.77      0.74      5546
     Historical       0.99      0.86      0.92     28527
       StarWars       0.69      0.81      0.75      2674
  GameofThrones       0.77      0.90      0.83      2829
      DoctorWho       0.59      0.90      0.72       505
     DragonBall       0.54      0.90      0.68       323
     TheWitcher       0.64      0.95      0.77       307
        Tolkien       0.79      0.79      0.79      3551
      Offensive       0.77      0.93      0.84      2261
    HarryPotter       0.73      0.83      0.78      2173
       Warcraft       0.68      0.94      0.79       332
         Naruto       0.72      0.93      0.81       448
ForgottenRealms       0.47      0.89      0.61       407
      Discworld       0.57      0.86      0.69       140
   FinalFantasy       0.69      0.90      0.78       229

       accuracy                           0.85     50252
      macro avg       0.69      0.88      0.77     50252
   weighted avg       0.87      0.85      0.86     50252

2024-12-14 18:55:17,749 - PytorchModel - INFO - ==================================================
2024-12-14 18:55:17,750 - PytorchModel - INFO - Starting training with params: {'lr': 0.001, 'batch_size': 64, 'epochs': 15, 'weight_decay': 0.03, 'hidden_dim': 64, 'embeddings_dim': 32, 'num_layers': 2, 'dropout': 0.5}
2024-12-14 19:01:48,514 - PytorchModel - INFO - Model: PytorchModel
2024-12-14 19:01:48,514 - PytorchModel - INFO - Hyperparameters: {'lr': 0.001, 'batch_size': 64, 'epochs': 15, 'weight_decay': 0.03, 'hidden_dim': 64, 'embeddings_dim': 32, 'num_layers': 2, 'dropout': 0.5}
2024-12-14 19:01:48,514 - PytorchModel - INFO - Accuracy: 0.7459
2024-12-14 19:01:48,514 - PytorchModel - INFO - Classification Report:
2024-12-14 19:01:48,514 - PytorchModel - INFO -                  precision    recall  f1-score   support

      Mythology       0.59      0.58      0.59      5546
     Historical       0.98      0.75      0.85     28527
       StarWars       0.53      0.73      0.61      2674
  GameofThrones       0.65      0.84      0.73      2829
      DoctorWho       0.31      0.91      0.46       505
     DragonBall       0.33      0.94      0.49       323
     TheWitcher       0.43      0.96      0.60       307
        Tolkien       0.72      0.69      0.71      3551
      Offensive       0.68      0.89      0.77      2261
    HarryPotter       0.57      0.78      0.66      2173
       Warcraft       0.66      0.92      0.77       332
         Naruto       0.43      0.97      0.60       448
ForgottenRealms       0.33      0.90      0.49       407
      Discworld       0.41      0.89      0.56       140
   FinalFantasy       0.40      0.93      0.56       229

       accuracy                           0.75     50252
      macro avg       0.54      0.85      0.63     50252
   weighted avg       0.82      0.75      0.76     50252

2024-12-14 19:01:48,514 - PytorchModel - INFO - ==================================================
2024-12-14 19:01:48,514 - PytorchModel - INFO - Starting training with params: {'lr': 0.001, 'batch_size': 64, 'epochs': 15, 'weight_decay': 0.03, 'hidden_dim': 64, 'embeddings_dim': 64, 'num_layers': 2, 'dropout': 0.5}
2024-12-14 19:08:20,780 - PytorchModel - INFO - Model: PytorchModel
2024-12-14 19:08:20,780 - PytorchModel - INFO - Hyperparameters: {'lr': 0.001, 'batch_size': 64, 'epochs': 15, 'weight_decay': 0.03, 'hidden_dim': 64, 'embeddings_dim': 64, 'num_layers': 2, 'dropout': 0.5}
2024-12-14 19:08:20,780 - PytorchModel - INFO - Accuracy: 0.7690
2024-12-14 19:08:20,780 - PytorchModel - INFO - Classification Report:
2024-12-14 19:08:20,780 - PytorchModel - INFO -                  precision    recall  f1-score   support

      Mythology       0.60      0.61      0.61      5546
     Historical       0.97      0.78      0.87     28527
       StarWars       0.62      0.71      0.66      2674
  GameofThrones       0.76      0.82      0.79      2829
      DoctorWho       0.31      0.90      0.46       505
     DragonBall       0.25      0.97      0.40       323
     TheWitcher       0.61      0.93      0.73       307
        Tolkien       0.69      0.74      0.71      3551
      Offensive       0.74      0.88      0.80      2261
    HarryPotter       0.64      0.76      0.69      2173
       Warcraft       0.47      0.94      0.62       332
         Naruto       0.46      0.95      0.62       448
ForgottenRealms       0.35      0.88      0.50       407
      Discworld       0.42      0.91      0.57       140
   FinalFantasy       0.46      0.93      0.62       229

       accuracy                           0.77     50252
      macro avg       0.56      0.85      0.64     50252
   weighted avg       0.83      0.77      0.79     50252

2024-12-14 19:08:20,780 - PytorchModel - INFO - ==================================================
2024-12-14 19:08:20,780 - PytorchModel - INFO - Starting training with params: {'lr': 0.001, 'batch_size': 64, 'epochs': 15, 'weight_decay': 0.03, 'hidden_dim': 128, 'embeddings_dim': 32, 'num_layers': 2, 'dropout': 0.5}
2024-12-14 19:19:43,731 - PytorchModel - INFO - Model: PytorchModel
2024-12-14 19:19:43,732 - PytorchModel - INFO - Hyperparameters: {'lr': 0.001, 'batch_size': 64, 'epochs': 15, 'weight_decay': 0.03, 'hidden_dim': 128, 'embeddings_dim': 32, 'num_layers': 2, 'dropout': 0.5}
2024-12-14 19:19:43,732 - PytorchModel - INFO - Accuracy: 0.8784
2024-12-14 19:19:43,732 - PytorchModel - INFO - Classification Report:
2024-12-14 19:19:43,732 - PytorchModel - INFO -                  precision    recall  f1-score   support

      Mythology       0.74      0.82      0.78      5546
     Historical       0.99      0.88      0.93     28527
       StarWars       0.81      0.86      0.83      2674
  GameofThrones       0.87      0.90      0.88      2829
      DoctorWho       0.66      0.92      0.77       505
     DragonBall       0.47      0.96      0.63       323
     TheWitcher       0.68      0.96      0.80       307
        Tolkien       0.79      0.86      0.83      3551
      Offensive       0.86      0.92      0.89      2261
    HarryPotter       0.71      0.89      0.79      2173
       Warcraft       0.68      0.95      0.79       332
         Naruto       0.67      0.96      0.79       448
ForgottenRealms       0.60      0.91      0.72       407
      Discworld       0.68      0.90      0.78       140
   FinalFantasy       0.70      0.94      0.80       229

       accuracy                           0.88     50252
      macro avg       0.73      0.91      0.80     50252
   weighted avg       0.90      0.88      0.88     50252

2024-12-14 19:19:43,732 - PytorchModel - INFO - ==================================================
2024-12-14 19:19:43,732 - PytorchModel - INFO - Starting training with params: {'lr': 0.001, 'batch_size': 64, 'epochs': 15, 'weight_decay': 0.03, 'hidden_dim': 128, 'embeddings_dim': 64, 'num_layers': 2, 'dropout': 0.5}
2024-12-14 19:31:21,858 - PytorchModel - INFO - Model: PytorchModel
2024-12-14 19:31:21,858 - PytorchModel - INFO - Hyperparameters: {'lr': 0.001, 'batch_size': 64, 'epochs': 15, 'weight_decay': 0.03, 'hidden_dim': 128, 'embeddings_dim': 64, 'num_layers': 2, 'dropout': 0.5}
2024-12-14 19:31:21,858 - PytorchModel - INFO - Accuracy: 0.8844
2024-12-14 19:31:21,858 - PytorchModel - INFO - Classification Report:
2024-12-14 19:31:21,858 - PytorchModel - INFO -                  precision    recall  f1-score   support

      Mythology       0.75      0.84      0.79      5546
     Historical       1.00      0.88      0.94     28527
       StarWars       0.78      0.88      0.83      2674
  GameofThrones       0.85      0.91      0.88      2829
      DoctorWho       0.62      0.92      0.74       505
     DragonBall       0.61      0.94      0.74       323
     TheWitcher       0.82      0.96      0.88       307
        Tolkien       0.77      0.88      0.83      3551
      Offensive       0.88      0.93      0.90      2261
    HarryPotter       0.77      0.89      0.82      2173
       Warcraft       0.85      0.92      0.89       332
         Naruto       0.70      0.96      0.81       448
ForgottenRealms       0.65      0.90      0.76       407
      Discworld       0.58      0.90      0.70       140
   FinalFantasy       0.74      0.94      0.83       229

       accuracy                           0.88     50252
      macro avg       0.76      0.91      0.82     50252
   weighted avg       0.90      0.88      0.89     50252

2024-12-14 19:31:21,858 - PytorchModel - INFO - ==================================================
2024-12-14 19:31:21,858 - PytorchModel - INFO - Starting training with params: {'lr': 0.001, 'batch_size': 64, 'epochs': 15, 'weight_decay': 0.03, 'hidden_dim': 128, 'embeddings_dim': 128, 'num_layers': 2, 'dropout': 0.5}
2024-12-14 19:43:19,359 - PytorchModel - INFO - Model: PytorchModel
2024-12-14 19:43:19,359 - PytorchModel - INFO - Hyperparameters: {'lr': 0.001, 'batch_size': 64, 'epochs': 15, 'weight_decay': 0.03, 'hidden_dim': 128, 'embeddings_dim': 128, 'num_layers': 2, 'dropout': 0.5}
2024-12-14 19:43:19,359 - PytorchModel - INFO - Accuracy: 0.8853
2024-12-14 19:43:19,359 - PytorchModel - INFO - Classification Report:
2024-12-14 19:43:19,359 - PytorchModel - INFO -                  precision    recall  f1-score   support

      Mythology       0.75      0.83      0.79      5546
     Historical       0.99      0.89      0.94     28527
       StarWars       0.82      0.87      0.84      2674
  GameofThrones       0.85      0.91      0.88      2829
      DoctorWho       0.56      0.94      0.71       505
     DragonBall       0.61      0.95      0.75       323
     TheWitcher       0.77      0.95      0.85       307
        Tolkien       0.77      0.88      0.82      3551
      Offensive       0.86      0.94      0.90      2261
    HarryPotter       0.75      0.89      0.81      2173
       Warcraft       0.72      0.96      0.82       332
         Naruto       0.76      0.95      0.85       448
ForgottenRealms       0.69      0.89      0.78       407
      Discworld       0.61      0.91      0.73       140
   FinalFantasy       0.65      0.95      0.77       229

       accuracy                           0.89     50252
      macro avg       0.75      0.91      0.82     50252
   weighted avg       0.90      0.89      0.89     50252

2024-12-14 19:43:19,359 - PytorchModel - INFO - ==================================================
2024-12-14 19:43:19,359 - PytorchModel - INFO - 
Best Result for PytorchModel:
Best Accuracy: 0.8853
Best Hyperparameters: {'lr': 0.001, 'batch_size': 64, 'epochs': 15, 'weight_decay': 0.03, 'hidden_dim': 128, 'embeddings_dim': 128, 'num_layers': 2, 'dropout': 0.5}
Best Classification Report:
                 precision    recall  f1-score   support

      Mythology       0.75      0.83      0.79      5546
     Historical       0.99      0.89      0.94     28527
       StarWars       0.82      0.87      0.84      2674
  GameofThrones       0.85      0.91      0.88      2829
      DoctorWho       0.56      0.94      0.71       505
     DragonBall       0.61      0.95      0.75       323
     TheWitcher       0.77      0.95      0.85       307
        Tolkien       0.77      0.88      0.82      3551
      Offensive       0.86      0.94      0.90      2261
    HarryPotter       0.75      0.89      0.81      2173
       Warcraft       0.72      0.96      0.82       332
         Naruto       0.76      0.95      0.85       448
ForgottenRealms       0.69      0.89      0.78       407
      Discworld       0.61      0.91      0.73       140
   FinalFantasy       0.65      0.95      0.77       229

       accuracy                           0.89     50252
      macro avg       0.75      0.91      0.82     50252
   weighted avg       0.90      0.89      0.89     50252

==================================================
2024-12-14 19:43:19,360 - PytorchModel - INFO - 
Configuration Used:
*****************************************************
* Data Processing Configuration
*****************************************************
path: dataset/preprocessing
output_file: dataset.txt
train_file: train.txt
dev_file: dev.txt
test_file: test.txt
config_dump: data_config.info
train_size: 0.8
dev_size: 0.1
test_size: 0.1
unique_names: True
augmentation:
  enabled: True
  only_basic_augmentation: False
  intensity: 2
  swap_characters: {'enabled': True, 'pct_words_to_swap': 0.6, 'transformations_per_example': {'min': 1, 'max': 3}}
  insert_characters: {'enabled': True, 'pct_words_to_swap': 0.6, 'transformations_per_example': {'min': 1, 'max': 3}}
  delete_characters: {'enabled': True, 'pct_words_to_swap': 0.6, 'transformations_per_example': {'min': 1, 'max': 3}}
  duplicate_characters: {'enabled': True, 'pct_words_to_swap': 0.6, 'transformations_per_example': 2}
  split_names: {'enabled': True, 'join_parts': True}
  label_exclusion: {'enabled': False, 'excluded_labels': []}
  internal_swap: {'enabled': True, 'swap_probability': 0.7}
labels: ['HarryPotter', 'StarWars', 'Tolkien', 'Warcraft', 'DragonBall', 'Naruto', 'ForgottenRealms', 'FinalFantasy', 'GameofThrones', 'TheWitcher', 'DoctorWho', 'Discworld', 'Mythology', 'Offensive', 'Historical']

Datasets:
  - Wikidata:
      name: Wikidata
      path: wikidata
      input_folder: raw_data
      output_folder: processed_data
      labels_folder: labels
      labels_file: labels.txt
      historical_file: extremely_relevant_figures2.txt
      dataset_file: wikidata-universes.csv
      output_file: wikidata_dataset_FastText.txt
  - Mythdata:
      name: Mythdata
      path: mythology
      input_folder: raw_data
      output_folder: processed_data
      dataset_file: myth_dataset.csv
      output_file: myth_dataset.txt
  - NERdata:
      name: NERdata
      path: ner
      input_folder: raw_data
      output_folder: processed_data
      output_file: ner_dataset.txt
  - Slurs:
      name: Slurs
      path: slurs
      input_folder: raw_data
      output_folder: processed_data
      dataset_file: profanity.csv
      output_file: slurs.txt

==================================================
Final Summary of Best Results:
==================================================

Model: PytorchModel
Best Accuracy: 0.8853
Best Hyperparameters: {'lr': 0.001, 'batch_size': 64, 'epochs': 15, 'weight_decay': 0.03, 'hidden_dim': 128, 'embeddings_dim': 128, 'num_layers': 2, 'dropout': 0.5}
Best Classification Report:
                 precision    recall  f1-score   support

      Mythology       0.75      0.83      0.79      5546
     Historical       0.99      0.89      0.94     28527
       StarWars       0.82      0.87      0.84      2674
  GameofThrones       0.85      0.91      0.88      2829
      DoctorWho       0.56      0.94      0.71       505
     DragonBall       0.61      0.95      0.75       323
     TheWitcher       0.77      0.95      0.85       307
        Tolkien       0.77      0.88      0.82      3551
      Offensive       0.86      0.94      0.90      2261
    HarryPotter       0.75      0.89      0.81      2173
       Warcraft       0.72      0.96      0.82       332
         Naruto       0.76      0.95      0.85       448
ForgottenRealms       0.69      0.89      0.78       407
      Discworld       0.61      0.91      0.73       140
   FinalFantasy       0.65      0.95      0.77       229

       accuracy                           0.89     50252
      macro avg       0.75      0.91      0.82     50252
   weighted avg       0.90      0.89      0.89     50252

==================================================
