*****************************************************
* Dataset Sizes
*****************************************************
Training samples: 402069
Validation samples: 50252
*****************************************************
* Best Results
*****************************************************
Best validation accuracy: 0.7529
Best Epoch: 14
Best training loss: 0.5121
Best validation loss: 0.5373

*****************************************************
* Hyperparameters
*****************************************************
lr: 0.001
batch_size: 64
epochs: 15
weight_decay: 0.03
hidden_dim: 64
embedding_dim: 32
num_layers: 2
dropout: 0.5

*****************************************************
* Best Classification Report
*****************************************************
Classification Report for Epoch 14:
                 precision    recall  f1-score   support

      Mythology       0.59      0.60      0.59      5546
     Historical       0.98      0.76      0.86     28527
       StarWars       0.60      0.72      0.65      2674
  GameofThrones       0.72      0.77      0.74      2829
      DoctorWho       0.30      0.92      0.45       505
     DragonBall       0.32      0.96      0.48       323
     TheWitcher       0.55      0.96      0.70       307
        Tolkien       0.67      0.72      0.69      3551
      Offensive       0.65      0.89      0.75      2261
    HarryPotter       0.58      0.78      0.67      2173
       Warcraft       0.52      0.93      0.66       332
         Naruto       0.44      0.94      0.60       448
ForgottenRealms       0.42      0.83      0.56       407
      Discworld       0.28      0.89      0.43       140
   FinalFantasy       0.48      0.94      0.64       229

       accuracy                           0.75     50252
      macro avg       0.54      0.84      0.63     50252
   weighted avg       0.82      0.75      0.77     50252


*****************************************************
* SK Learn Accuracy score
*****************************************************
Best score: 0.7529


*****************************************************
* Data Configuration
*****************************************************
*****************************************************
* Data Processing Configuration
*****************************************************
path: dataset/preprocessing
output_file: dataset.txt
train_file: train.txt
dev_file: dev.txt
test_file: test.txt
config_dump: data_config.info
train_size: 0.8
dev_size: 0.1
test_size: 0.1
unique_names: True
augmentation:
  enabled: True
  only_basic_augmentation: False
  intensity: 2
  swap_characters: {'enabled': True, 'pct_words_to_swap': 0.6, 'transformations_per_example': {'min': 1, 'max': 3}}
  insert_characters: {'enabled': True, 'pct_words_to_swap': 0.6, 'transformations_per_example': {'min': 1, 'max': 3}}
  delete_characters: {'enabled': True, 'pct_words_to_swap': 0.6, 'transformations_per_example': {'min': 1, 'max': 3}}
  duplicate_characters: {'enabled': True, 'pct_words_to_swap': 0.6, 'transformations_per_example': 2}
  split_names: {'enabled': True, 'join_parts': True}
  label_exclusion: {'enabled': False, 'excluded_labels': []}
  internal_swap: {'enabled': True, 'swap_probability': 0.7}
labels: ['HarryPotter', 'StarWars', 'Tolkien', 'Warcraft', 'DragonBall', 'Naruto', 'ForgottenRealms', 'FinalFantasy', 'GameofThrones', 'TheWitcher', 'DoctorWho', 'Discworld', 'Mythology', 'Offensive', 'Historical']

Datasets:
  - Wikidata:
      name: Wikidata
      path: wikidata
      input_folder: raw_data
      output_folder: processed_data
      labels_folder: labels
      labels_file: labels.txt
      historical_file: extremely_relevant_figures2.txt
      dataset_file: wikidata-universes.csv
      output_file: wikidata_dataset_FastText.txt
  - Mythdata:
      name: Mythdata
      path: mythology
      input_folder: raw_data
      output_folder: processed_data
      dataset_file: myth_dataset.csv
      output_file: myth_dataset.txt
  - NERdata:
      name: NERdata
      path: ner
      input_folder: raw_data
      output_folder: processed_data
      output_file: ner_dataset.txt
  - Slurs:
      name: Slurs
      path: slurs
      input_folder: raw_data
      output_folder: processed_data
      dataset_file: profanity.csv
      output_file: slurs.txt


*****************************************************
* Epoch Output
*****************************************************
Epoch 1:
  Training Loss: 1.8054
  Validation Loss: 1.3884
  Validation Accuracy: 0.4047
  Learning Rate: 0.001000

Epoch 2:
  Training Loss: 1.2845
  Validation Loss: 1.0945
  Validation Accuracy: 0.5273
  Learning Rate: 0.001000

Epoch 3:
  Training Loss: 1.0737
  Validation Loss: 0.9519
  Validation Accuracy: 0.5340
  Learning Rate: 0.001000

Epoch 4:
  Training Loss: 0.9502
  Validation Loss: 0.8687
  Validation Accuracy: 0.6199
  Learning Rate: 0.001000

Epoch 5:
  Training Loss: 0.8617
  Validation Loss: 0.7845
  Validation Accuracy: 0.6278
  Learning Rate: 0.000500

Epoch 6:
  Training Loss: 0.7237
  Validation Loss: 0.6996
  Validation Accuracy: 0.6453
  Learning Rate: 0.000500

Epoch 7:
  Training Loss: 0.6785
  Validation Loss: 0.6536
  Validation Accuracy: 0.6582
  Learning Rate: 0.000500

Epoch 8:
  Training Loss: 0.6545
  Validation Loss: 0.6334
  Validation Accuracy: 0.6879
  Learning Rate: 0.000500

Epoch 9:
  Training Loss: 0.6335
  Validation Loss: 0.6225
  Validation Accuracy: 0.7087
  Learning Rate: 0.000500

Epoch 10:
  Training Loss: 0.6156
  Validation Loss: 0.6019
  Validation Accuracy: 0.7155
  Learning Rate: 0.000250

Epoch 11:
  Training Loss: 0.5470
  Validation Loss: 0.5489
  Validation Accuracy: 0.7462
  Learning Rate: 0.000250

Epoch 12:
  Training Loss: 0.5261
  Validation Loss: 0.5395
  Validation Accuracy: 0.7459
  Learning Rate: 0.000250

Epoch 13:
  Training Loss: 0.5210
  Validation Loss: 0.5362
  Validation Accuracy: 0.7487
  Learning Rate: 0.000250

Epoch 14:
  Training Loss: 0.5121
  Validation Loss: 0.5373
  Validation Accuracy: 0.7529
  Learning Rate: 0.000250

Epoch 15:
  Training Loss: 0.5019
  Validation Loss: 0.5273
  Validation Accuracy: 0.7425
  Learning Rate: 0.000125

*****************************************************
* Confusion Matrix
*****************************************************
[[ 3323,   296,   179,   131,   135,   244,    37,   292,   295,   168,
     52,   175,   120,    60,    39],
 [ 1665, 21685,   975,   397,   800,   199,   161,   546,   463,   719,
    110,   311,   203,   143,   150],
 [  171,    81,  1920,    70,    37,    60,     9,    89,    75,    61,
     21,    16,    33,    21,    10],
 [   64,    33,    44,  2174,    41,    21,     9,   195,    79,    89,
     26,    10,    29,     9,     6],
 [   10,     7,     1,     4,   464,     0,     0,     6,     2,     5,
      0,     1,     3,     0,     2],
 [    3,     1,     0,     2,     2,   309,     1,     0,     2,     2,
      0,     0,     0,     0,     1],
 [    1,     3,     1,     1,     0,     0,   295,     1,     0,     0,
      0,     0,     2,     2,     1],
 [  236,    28,    47,   169,    38,    85,    13,  2544,    84,   143,
     63,    11,    51,    32,     7],
 [   73,     7,    14,    19,    15,    15,     5,    30,  2011,    33,
      4,     3,     4,    21,     7],
 [   84,    38,    28,    43,    20,    28,     3,    85,    70,  1704,
      9,     5,    26,    24,     6],
 [    2,     1,     3,     5,     2,     2,     0,     2,     0,     2,
    309,     0,     1,     2,     1],
 [    9,     2,     2,     1,     3,     6,     1,     0,     1,     0,
      0,   421,     2,     0,     0],
 [   11,     4,     4,     8,     4,     4,     0,    12,     4,     5,
      5,     1,   339,     5,     1],
 [    2,     0,     1,     1,     2,     1,     1,     1,     2,     3,
      1,     0,     0,   124,     1],
 [    6,     0,     0,     0,     1,     1,     0,     1,     0,     3,
      0,     1,     1,     0,   215]]
