*****************************************************
* Best Results
*****************************************************
Best validation accuracy: 0.8866
Best Epoch: 7
Best training loss: 0.1063
Best validation loss: 0.4685

*****************************************************
* Hyperparameters
*****************************************************
lr: 0.001
batch_size: 32
epochs: 7
weight_decay: 0.02
hidden_dim: 512
embedding_dim: 128
num_layers: 2
dropout: 0.3

*****************************************************
* Best Classification Report
*****************************************************
Classification Report for Epoch 7:
                 precision    recall  f1-score   support

        Tolkien       0.91      0.88      0.89      1822
     DragonBall       0.83      0.90      0.86       175
       StarWars       0.91      0.89      0.90      1433
      Offensive       0.95      0.92      0.93      1185
    HarryPotter       0.89      0.88      0.88      1137
  GameofThrones       0.91      0.93      0.92      1441
         Naruto       0.87      0.92      0.90       237
   FinalFantasy       0.89      0.88      0.88       123
      Mythology       0.60      0.62      0.61       395
     TheWitcher       0.93      0.94      0.94       161
      DoctorWho       0.87      0.89      0.88       270
ForgottenRealms       0.80      0.85      0.83       217
      Discworld       0.74      0.86      0.79        76
       Warcraft       0.84      0.91      0.87       170

       accuracy                           0.89      8842
      macro avg       0.85      0.88      0.86      8842
   weighted avg       0.89      0.89      0.89      8842


*****************************************************
* SK Learn Accuracy score
*****************************************************
Best score: 0.8866


*****************************************************
* Data Configuration
*****************************************************
*****************************************************
* Data Processing Configuration
*****************************************************
path: dataset/preprocessing
output_file: dataset.txt
train_file: train.txt
dev_file: dev.txt
test_file: test.txt
config_dump: data_config.info
train_size: 0.8
dev_size: 0.1
test_size: 0.1
unique_names: True
augmentation:
  enabled: True
  swap_characters: {'enabled': True, 'pct_words_to_swap': 0.4, 'transformations_per_example': {'min': 1, 'max': 3}}
  insert_characters: {'enabled': True, 'pct_words_to_swap': 0.4, 'transformations_per_example': {'min': 1, 'max': 3}}
  delete_characters: {'enabled': True, 'pct_words_to_swap': 0.4, 'transformations_per_example': {'min': 1, 'max': 3}}
  duplicate_characters: {'enabled': True, 'pct_words_to_swap': 0.2, 'transformations_per_example': 1}
  split_names: {'enabled': True, 'join_parts': True}
  label_exclusion: {'enabled': True, 'excluded_labels': ['Mythology']}
  internal_swap: {'enabled': True, 'swap_probability': 0.5}
labels: ['HarryPotter', 'StarWars', 'Tolkien', 'Warcraft', 'DragonBall', 'Naruto', 'ForgottenRealms', 'FinalFantasy', 'GameofThrones', 'TheWitcher', 'DoctorWho', 'Discworld', 'Mythology', 'Offensive']

Datasets:
  - Wikidata:
      name: Wikidata
      path: wikidata
      input_folder: raw_data
      output_folder: processed_data
      labels_folder: labels
      labels_file: labels.txt
      dataset_file: wikidata-universes.csv
      output_file: wikidata_dataset_FastText.txt
  - Mythdata:
      name: Mythdata
      path: mythology
      input_folder: raw_data
      output_folder: processed_data
      dataset_file: myth_dataset.csv
      output_file: myth_dataset.txt
  - NERdata:
      name: NERdata
      path: ner
      input_folder: raw_data
      output_folder: processed_data
      output_file: ner_dataset.txt
  - Slurs:
      name: Slurs
      path: slurs
      input_folder: raw_data
      output_folder: processed_data
      dataset_file: profanity.csv
      output_file: slurs.txt

