*****************************************************
* Dataset Sizes
*****************************************************
Training samples: 257298
Validation samples: 32157
*****************************************************
* Best Results
*****************************************************
Best validation accuracy: 0.9410
Best Epoch: 21
Best training loss: 0.0306
Best validation loss: 0.2201

*****************************************************
* Hyperparameters
*****************************************************
lr: 0.001
batch_size: 32
epochs: 25
weight_decay: 0.03
hidden_dim: 512
embedding_dim: 128
num_layers: 2
dropout: 0.4

*****************************************************
* Best Classification Report
*****************************************************
Classification Report for Epoch 21:
                 precision    recall  f1-score   support

     Historical       0.97      0.97      0.97     18428
    HarryPotter       0.89      0.86      0.88      1372
       StarWars       0.92      0.89      0.91      1712
      Mythology       0.87      0.91      0.89      3544
      Offensive       0.92      0.95      0.94      1431
  GameofThrones       0.93      0.92      0.93      1753
ForgottenRealms       0.91      0.78      0.84       259
        Tolkien       0.88      0.90      0.89      2212
       Warcraft       0.93      0.90      0.92       204
      DoctorWho       0.90      0.85      0.88       324
     DragonBall       0.90      0.88      0.89       206
     TheWitcher       0.95      0.92      0.93       191
         Naruto       0.95      0.90      0.92       282
   FinalFantasy       0.95      0.89      0.92       148
      Discworld       0.96      0.86      0.91        91

       accuracy                           0.94     32157
      macro avg       0.92      0.89      0.91     32157
   weighted avg       0.94      0.94      0.94     32157


*****************************************************
* SK Learn Accuracy score
*****************************************************
Best score: 0.9410


*****************************************************
* Data Configuration
*****************************************************
*****************************************************
* Data Processing Configuration
*****************************************************
path: dataset/preprocessing
output_file: dataset.txt
train_file: train.txt
dev_file: dev.txt
test_file: test.txt
config_dump: data_config.info
train_size: 0.8
dev_size: 0.1
test_size: 0.1
unique_names: True
augmentation:
  enabled: True
  only_basic_augmentation: False
  intensity: 1
  swap_characters: {'enabled': True, 'pct_words_to_swap': 0.5, 'transformations_per_example': {'min': 1, 'max': 3}}
  insert_characters: {'enabled': True, 'pct_words_to_swap': 0.6, 'transformations_per_example': {'min': 1, 'max': 3}}
  delete_characters: {'enabled': True, 'pct_words_to_swap': 0.5, 'transformations_per_example': {'min': 1, 'max': 3}}
  duplicate_characters: {'enabled': True, 'pct_words_to_swap': 0.4, 'transformations_per_example': 2}
  split_names: {'enabled': True, 'join_parts': True}
  label_exclusion: {'enabled': False, 'excluded_labels': []}
  internal_swap: {'enabled': True, 'swap_probability': 0.5}
labels: ['HarryPotter', 'StarWars', 'Tolkien', 'Warcraft', 'DragonBall', 'Naruto', 'ForgottenRealms', 'FinalFantasy', 'GameofThrones', 'TheWitcher', 'DoctorWho', 'Discworld', 'Mythology', 'Offensive', 'Historical']

Datasets:
  - Wikidata:
      name: Wikidata
      path: wikidata
      input_folder: raw_data
      output_folder: processed_data
      labels_folder: labels
      labels_file: labels.txt
      historical_file: extremely_relevant_figures2.txt
      dataset_file: wikidata-universes.csv
      output_file: wikidata_dataset_FastText.txt
  - Mythdata:
      name: Mythdata
      path: mythology
      input_folder: raw_data
      output_folder: processed_data
      dataset_file: myth_dataset.csv
      output_file: myth_dataset.txt
  - NERdata:
      name: NERdata
      path: ner
      input_folder: raw_data
      output_folder: processed_data
      output_file: ner_dataset.txt
  - Slurs:
      name: Slurs
      path: slurs
      input_folder: raw_data
      output_folder: processed_data
      dataset_file: profanity.csv
      output_file: slurs.txt


*****************************************************
* Epoch Output
*****************************************************
Epoch 1:
  Training Loss: 0.6712
  Validation Loss: 0.4278
  Validation Accuracy: 0.8576
  Learning Rate: 0.001000

Epoch 2:
  Training Loss: 0.3761
  Validation Loss: 0.3449
  Validation Accuracy: 0.8842
  Learning Rate: 0.001000

Epoch 3:
  Training Loss: 0.3093
  Validation Loss: 0.3083
  Validation Accuracy: 0.8965
  Learning Rate: 0.001000

Epoch 4:
  Training Loss: 0.2752
  Validation Loss: 0.2878
  Validation Accuracy: 0.9051
  Learning Rate: 0.001000

Epoch 5:
  Training Loss: 0.2530
  Validation Loss: 0.2761
  Validation Accuracy: 0.9097
  Learning Rate: 0.000500

Epoch 6:
  Training Loss: 0.1625
  Validation Loss: 0.2192
  Validation Accuracy: 0.9286
  Learning Rate: 0.000500

Epoch 7:
  Training Loss: 0.1341
  Validation Loss: 0.2208
  Validation Accuracy: 0.9287
  Learning Rate: 0.000500

Epoch 8:
  Training Loss: 0.1246
  Validation Loss: 0.2245
  Validation Accuracy: 0.9296
  Learning Rate: 0.000500

Epoch 9:
  Training Loss: 0.1177
  Validation Loss: 0.2222
  Validation Accuracy: 0.9295
  Learning Rate: 0.000500

Epoch 10:
  Training Loss: 0.1138
  Validation Loss: 0.2231
  Validation Accuracy: 0.9291
  Learning Rate: 0.000250

Epoch 11:
  Training Loss: 0.0760
  Validation Loss: 0.2055
  Validation Accuracy: 0.9371
  Learning Rate: 0.000250

Epoch 12:
  Training Loss: 0.0659
  Validation Loss: 0.2076
  Validation Accuracy: 0.9379
  Learning Rate: 0.000250

Epoch 13:
  Training Loss: 0.0623
  Validation Loss: 0.2144
  Validation Accuracy: 0.9375
  Learning Rate: 0.000250

Epoch 14:
  Training Loss: 0.0606
  Validation Loss: 0.2194
  Validation Accuracy: 0.9358
  Learning Rate: 0.000250

Epoch 15:
  Training Loss: 0.0594
  Validation Loss: 0.2195
  Validation Accuracy: 0.9356
  Learning Rate: 0.000125

Epoch 16:
  Training Loss: 0.0440
  Validation Loss: 0.2114
  Validation Accuracy: 0.9402
  Learning Rate: 0.000125

Epoch 17:
  Training Loss: 0.0409
  Validation Loss: 0.2132
  Validation Accuracy: 0.9400
  Learning Rate: 0.000125

Epoch 18:
  Training Loss: 0.0393
  Validation Loss: 0.2200
  Validation Accuracy: 0.9386
  Learning Rate: 0.000125

Epoch 19:
  Training Loss: 0.0388
  Validation Loss: 0.2223
  Validation Accuracy: 0.9389
  Learning Rate: 0.000125

Epoch 20:
  Training Loss: 0.0379
  Validation Loss: 0.2219
  Validation Accuracy: 0.9400
  Learning Rate: 0.000063

Epoch 21:
  Training Loss: 0.0306
  Validation Loss: 0.2201
  Validation Accuracy: 0.9410
  Learning Rate: 0.000063

Epoch 22:
  Training Loss: 0.0288
  Validation Loss: 0.2247
  Validation Accuracy: 0.9407
  Learning Rate: 0.000063

Epoch 23:
  Training Loss: 0.0286
  Validation Loss: 0.2264
  Validation Accuracy: 0.9400
  Learning Rate: 0.000063

Epoch 24:
  Training Loss: 0.0284
  Validation Loss: 0.2269
  Validation Accuracy: 0.9406
  Learning Rate: 0.000063

Epoch 25:
  Training Loss: 0.0281
  Validation Loss: 0.2293
  Validation Accuracy: 0.9397
  Learning Rate: 0.000031

